{
  "RSpec": {
    "coverage": {
      "/Users/jessicajones/Google Drive/PROJECTS/blank_canvas/app/models/user.rb": [
        1,
        null,
        null,
        1,
        null,
        1,
        1,
        null,
        null
      ],
      "/Users/jessicajones/Google Drive/PROJECTS/blank_canvas/app/helpers/application_helper.rb": [
        1,
        null
      ],
      "/Users/jessicajones/Google Drive/PROJECTS/blank_canvas/app/helpers/canvas_helper.rb": [
        1,
        null
      ],
      "/Users/jessicajones/Google Drive/PROJECTS/blank_canvas/app/helpers/pages_helper.rb": [
        1,
        null
      ],
      "/Users/jessicajones/Google Drive/PROJECTS/blank_canvas/app/helpers/sketches_helper.rb": [
        1,
        null
      ],
      "/Users/jessicajones/Google Drive/PROJECTS/blank_canvas/app/helpers/users_helper.rb": [
        1,
        null
      ],
      "/Users/jessicajones/Google Drive/PROJECTS/blank_canvas/app/models/canva.rb": [
        null,
        1,
        null,
        1,
        1,
        1,
        1,
        1,
        null,
        null,
        null,
        1,
        1,
        null,
        null
      ],
      "/Users/jessicajones/Google Drive/PROJECTS/blank_canvas/app/controllers/canvas_controller.rb": [
        1,
        null,
        1,
        1,
        1,
        null,
        1,
        null,
        null,
        null,
        1,
        12,
        12,
        null,
        null,
        1,
        9,
        9,
        9,
        6,
        0,
        null,
        6,
        null,
        3,
        3,
        null,
        null,
        null,
        null,
        1,
        6,
        6,
        6,
        null,
        null,
        1,
        2,
        2,
        0,
        null,
        2,
        2,
        2,
        null,
        null,
        1,
        2,
        2,
        0,
        null,
        2,
        2,
        2,
        null,
        null,
        1,
        null,
        1,
        9,
        8,
        null,
        null,
        null,
        null
      ],
      "/Users/jessicajones/Google Drive/PROJECTS/blank_canvas/app/controllers/application_controller.rb": [
        1,
        null,
        null,
        1,
        null
      ],
      "/Users/jessicajones/Google Drive/PROJECTS/blank_canvas/lib/create_colour_palette.rb": [
        1,
        null,
        1,
        10,
        10,
        10,
        10,
        null,
        null,
        null,
        null
      ],
      "/Users/jessicajones/Google Drive/PROJECTS/blank_canvas/lib/valid_photo.rb": [
        1,
        null,
        1,
        7,
        null,
        null,
        1,
        13,
        13,
        null,
        null,
        1,
        7,
        7,
        1,
        null,
        6,
        null,
        null,
        null,
        1,
        6,
        6,
        6,
        null,
        null,
        null
      ],
      "/Users/jessicajones/Google Drive/PROJECTS/blank_canvas/app/controllers/pages_controller.rb": [
        1,
        null,
        1,
        1,
        null,
        null
      ],
      "/Users/jessicajones/Google Drive/PROJECTS/blank_canvas/app/models/sketch.rb": [
        1,
        null,
        1,
        1,
        1,
        null
      ],
      "/Users/jessicajones/Google Drive/PROJECTS/blank_canvas/app/controllers/registrations_controller.rb": [
        0,
        0,
        0,
        0,
        0,
        0,
        0,
        0,
        0,
        0,
        0,
        0
      ],
      "/Users/jessicajones/Google Drive/PROJECTS/blank_canvas/app/controllers/sketches_controller.rb": [
        0,
        0,
        0,
        0,
        0,
        0,
        0,
        0,
        0,
        0,
        0,
        0,
        0,
        0,
        0,
        0,
        0,
        0,
        0,
        0,
        0,
        0,
        0,
        0,
        0,
        0,
        0,
        0,
        0,
        0,
        0,
        0,
        0,
        0,
        0,
        0,
        0,
        0,
        0,
        0,
        0,
        0,
        0,
        0,
        0,
        0,
        0
      ],
      "/Users/jessicajones/Google Drive/PROJECTS/blank_canvas/app/controllers/users_controller.rb": [
        0,
        0,
        0,
        0,
        0,
        0,
        0,
        0,
        0
      ],
      "/Users/jessicajones/Google Drive/PROJECTS/blank_canvas/lib/update_svg_with_colours.rb": [
        0,
        0,
        0,
        0,
        0,
        0,
        0,
        0,
        0,
        0,
        0,
        0,
        0,
        0,
        0,
        0,
        0,
        0,
        0,
        0,
        0,
        0,
        0,
        0,
        0,
        0,
        0,
        0,
        0,
        0,
        0,
        0,
        0,
        0,
        0
      ]
    },
    "timestamp": 1473946974
  }
}
